<?xml version="1.0" encoding="UTF-8"?>
<robot generator="Robot 7.1.1 (Python 3.13.1 on win32)" generated="2025-01-09T18:21:14.551696" rpa="false" schemaversion="5">
<suite id="s1" name="Valid Login" source="D:\cs_year3_sem2\soften_lab\Lab7_ChromeForTesting\WebDemo-master\login_tests\valid_login.robot">
<test id="s1-t1" name="Valid Login" line="9">
<kw name="Open Browser To Login Page" owner="resource">
<kw name="Evaluate" owner="BuiltIn">
<msg time="2025-01-09T18:21:14.917362" level="INFO">${chrome_options} = &lt;selenium.webdriver.chrome.options.Options object at 0x000001D74E9912B0&gt;</msg>
<var>${chrome_options}</var>
<arg>sys.modules['selenium.webdriver'].ChromeOptions()</arg>
<arg>sys</arg>
<doc>Evaluates the given expression in Python and returns the result.</doc>
<status status="PASS" start="2025-01-09T18:21:14.917082" elapsed="0.000314"/>
</kw>
<kw name="Set Variable" owner="BuiltIn">
<arg>${chrome_options.binary_location}</arg>
<arg>${CHROME_BROWSER_PATH}</arg>
<doc>Returns the given values which can then be assigned to a variables.</doc>
<status status="PASS" start="2025-01-09T18:21:14.917520" elapsed="0.000402"/>
</kw>
<kw name="Evaluate" owner="BuiltIn">
<msg time="2025-01-09T18:21:14.918700" level="INFO">${service} = &lt;selenium.webdriver.chrome.service.Service object at 0x000001D74E991010&gt;</msg>
<var>${service}</var>
<arg>sys.modules["selenium.webdriver.chrome.service"].Service(executable_path=r"${CHROME_DRIVER_PATH}")</arg>
<arg>sys</arg>
<doc>Evaluates the given expression in Python and returns the result.</doc>
<status status="PASS" start="2025-01-09T18:21:14.918023" elapsed="0.000711"/>
</kw>
<kw name="Create Webdriver" owner="SeleniumLibrary">
<msg time="2025-01-09T18:21:14.919053" level="INFO">Creating an instance of the Chrome WebDriver.</msg>
<arg>Chrome</arg>
<arg>options=${chrome_options}</arg>
<arg>service=${service}</arg>
<doc>Creates an instance of Selenium WebDriver.</doc>
<status status="PASS" start="2025-01-09T18:21:14.918857" elapsed="1.387838"/>
</kw>
<kw name="Go To" owner="SeleniumLibrary">
<msg time="2025-01-09T18:21:16.307906" level="INFO">Opening url 'http://localhost:7272/'</msg>
<arg>${LOGIN URL}</arg>
<doc>Navigates the current browser window to the provided ``url``.</doc>
<status status="PASS" start="2025-01-09T18:21:16.307203" elapsed="0.685148"/>
</kw>
<kw name="Set Selenium Speed" owner="SeleniumLibrary">
<arg>${DELAY}</arg>
<doc>Sets the delay that is waited after each Selenium command.</doc>
<status status="PASS" start="2025-01-09T18:21:16.992671" elapsed="0.000451"/>
</kw>
<kw name="Login Page Should Be Open" owner="resource">
<kw name="Title Should Be" owner="SeleniumLibrary">
<msg time="2025-01-09T18:21:17.524449" level="INFO">Page title is 'Login Page'.</msg>
<arg>Login Page</arg>
<doc>Verifies that the current page title equals ``title``.</doc>
<status status="PASS" start="2025-01-09T18:21:16.993747" elapsed="0.530919"/>
</kw>
<status status="PASS" start="2025-01-09T18:21:16.993354" elapsed="0.531542"/>
</kw>
<status status="PASS" start="2025-01-09T18:21:14.916386" elapsed="2.608666"/>
</kw>
<kw name="Input Username" owner="resource">
<kw name="Input Text" owner="SeleniumLibrary">
<msg time="2025-01-09T18:21:17.526238" level="INFO">Typing text 'demo' into text field 'username_field'.</msg>
<arg>username_field</arg>
<arg>${username}</arg>
<doc>Types the given ``text`` into the text field identified by ``locator``.</doc>
<status status="PASS" start="2025-01-09T18:21:17.525955" elapsed="1.733815"/>
</kw>
<arg>demo</arg>
<status status="PASS" start="2025-01-09T18:21:17.525718" elapsed="1.734305"/>
</kw>
<kw name="Input Password" owner="resource">
<kw name="Input Text" owner="SeleniumLibrary">
<msg time="2025-01-09T18:21:19.261681" level="INFO">Typing text 'mode' into text field 'password_field'.</msg>
<arg>password_field</arg>
<arg>${password}</arg>
<doc>Types the given ``text`` into the text field identified by ``locator``.</doc>
<status status="PASS" start="2025-01-09T18:21:19.261352" elapsed="1.676181"/>
</kw>
<arg>mode</arg>
<status status="PASS" start="2025-01-09T18:21:19.260798" elapsed="1.676978"/>
</kw>
<kw name="Submit Credentials" owner="resource">
<kw name="Click Button" owner="SeleniumLibrary">
<msg time="2025-01-09T18:21:20.938774" level="INFO">Clicking button 'login_button'.</msg>
<arg>login_button</arg>
<doc>Clicks the button identified by ``locator``.</doc>
<status status="PASS" start="2025-01-09T18:21:20.938566" elapsed="2.008175"/>
</kw>
<status status="PASS" start="2025-01-09T18:21:20.938219" elapsed="2.008726"/>
</kw>
<kw name="Welcome Page Should Be Open" owner="resource">
<kw name="Location Should Be" owner="SeleniumLibrary">
<msg time="2025-01-09T18:21:23.454385" level="INFO">Current location is 'http://localhost:7272/welcome.html'.</msg>
<arg>${WELCOME URL}</arg>
<doc>Verifies that the current URL is exactly ``url``.</doc>
<status status="PASS" start="2025-01-09T18:21:22.948012" elapsed="0.506505"/>
</kw>
<kw name="Title Should Be" owner="SeleniumLibrary">
<msg time="2025-01-09T18:21:23.959381" level="INFO">Page title is 'Welcome Page'.</msg>
<arg>Welcome Page</arg>
<doc>Verifies that the current page title equals ``title``.</doc>
<status status="PASS" start="2025-01-09T18:21:23.454734" elapsed="0.504799"/>
</kw>
<status status="PASS" start="2025-01-09T18:21:22.947569" elapsed="1.012077"/>
</kw>
<kw name="Close Browser" owner="SeleniumLibrary" type="TEARDOWN">
<doc>Closes the current browser.</doc>
<status status="PASS" start="2025-01-09T18:21:23.960149" elapsed="2.639656"/>
</kw>
<status status="PASS" start="2025-01-09T18:21:14.915550" elapsed="11.684603"/>
</test>
<doc>A test suite with a single test for valid login.

This test has a workflow that is created using keywords in
the imported resource file.</doc>
<status status="PASS" start="2025-01-09T18:21:14.553458" elapsed="12.048144"/>
</suite>
<statistics>
<total>
<stat pass="1" fail="0" skip="0">All Tests</stat>
</total>
<tag>
</tag>
<suite>
<stat pass="1" fail="0" skip="0" id="s1" name="Valid Login">Valid Login</stat>
</suite>
</statistics>
<errors>
</errors>
</robot>
